<?xml version="1.0" encoding="UTF-8"?>
<testsuite xmlns:xsi="http://www.w3.org/2001/XMLSchema-instance" xsi:noNamespaceSchemaLocation="https://maven.apache.org/surefire/maven-surefire-plugin/xsd/surefire-test-report-3.0.xsd" version="3.0" name="epam.lab7.ut.CalcTest" time="0.223" tests="10" errors="0" skipped="0" failures="0">
  <properties>
    <property name="java.specification.version" value="21"/>
    <property name="sun.cpu.isalist" value="amd64"/>
    <property name="sun.jnu.encoding" value="Cp1251"/>
    <property name="java.class.path" value="E:\student\learn\3_course\2_sem\TPO\Lab_7\target\test-classes;E:\student\learn\3_course\2_sem\TPO\Lab_7\target\classes;C:\Users\andry\.m2\repository\junit\junit\4.13.1\junit-4.13.1.jar;C:\Users\andry\.m2\repository\org\hamcrest\hamcrest-core\1.3\hamcrest-core-1.3.jar;"/>
    <property name="java.vm.vendor" value="Oracle Corporation"/>
    <property name="sun.arch.data.model" value="64"/>
    <property name="user.variant" value=""/>
    <property name="java.vendor.url" value="https://java.oracle.com/"/>
    <property name="user.timezone" value="Europe/Minsk"/>
    <property name="os.name" value="Windows 10"/>
    <property name="java.vm.specification.version" value="21"/>
    <property name="sun.java.launcher" value="SUN_STANDARD"/>
    <property name="user.country" value="RU"/>
    <property name="sun.boot.library.path" value="E:\Rubish\bin"/>
    <property name="sun.java.command" value="C:\Users\andry\AppData\Local\Temp\surefire7128864419633733004\surefirebooter-20240329211856372_3.jar C:\Users\andry\AppData\Local\Temp\surefire7128864419633733004 2024-03-29T21-18-53_792-jvmRun1 surefire-20240329211856372_1tmp surefire_0-20240329211856372_2tmp"/>
    <property name="jdk.debug" value="release"/>
    <property name="surefire.test.class.path" value="E:\student\learn\3_course\2_sem\TPO\Lab_7\target\test-classes;E:\student\learn\3_course\2_sem\TPO\Lab_7\target\classes;C:\Users\andry\.m2\repository\junit\junit\4.13.1\junit-4.13.1.jar;C:\Users\andry\.m2\repository\org\hamcrest\hamcrest-core\1.3\hamcrest-core-1.3.jar;"/>
    <property name="sun.cpu.endian" value="little"/>
    <property name="user.home" value="C:\Users\andry"/>
    <property name="user.language" value="ru"/>
    <property name="java.specification.vendor" value="Oracle Corporation"/>
    <property name="java.version.date" value="2024-01-16"/>
    <property name="java.home" value="E:\Rubish"/>
    <property name="file.separator" value="\"/>
    <property name="basedir" value="E:\student\learn\3_course\2_sem\TPO\Lab_7"/>
    <property name="java.vm.compressedOopsMode" value="Zero based"/>
    <property name="line.separator" value="&#10;"/>
    <property name="java.vm.specification.vendor" value="Oracle Corporation"/>
    <property name="java.specification.name" value="Java Platform API Specification"/>
    <property name="surefire.real.class.path" value="C:\Users\andry\AppData\Local\Temp\surefire7128864419633733004\surefirebooter-20240329211856372_3.jar"/>
    <property name="user.script" value=""/>
    <property name="sun.management.compiler" value="HotSpot 64-Bit Tiered Compilers"/>
    <property name="java.runtime.version" value="21.0.2+13-LTS-58"/>
    <property name="user.name" value="andry"/>
    <property name="stdout.encoding" value="Cp1251"/>
    <property name="path.separator" value=";"/>
    <property name="os.version" value="10.0"/>
    <property name="java.runtime.name" value="Java(TM) SE Runtime Environment"/>
    <property name="file.encoding" value="UTF-8"/>
    <property name="java.vm.name" value="Java HotSpot(TM) 64-Bit Server VM"/>
    <property name="localRepository" value="C:\Users\andry\.m2\repository"/>
    <property name="java.vendor.url.bug" value="https://bugreport.java.com/bugreport/"/>
    <property name="java.io.tmpdir" value="C:\Users\andry\AppData\Local\Temp\"/>
    <property name="idea.version" value="2023.3.5"/>
    <property name="java.version" value="21.0.2"/>
    <property name="user.dir" value="E:\student\learn\3_course\2_sem\TPO\Lab_7"/>
    <property name="os.arch" value="amd64"/>
    <property name="java.vm.specification.name" value="Java Virtual Machine Specification"/>
    <property name="sun.os.patch.level" value=""/>
    <property name="native.encoding" value="Cp1251"/>
    <property name="java.library.path" value="E:\Rubish\bin;C:\Windows\Sun\Java\bin;C:\Windows\system32;C:\Windows;C:\Program Files (x86)\Common Files\Oracle\Java\javapath;C:\Program Files\Common Files\Oracle\Java\javapath;E:\Rubish\Oracle\app\Admin\db_home\bin;E:\Rubish\Oracle\Admin\WINDOWS.X64_193000_db_home\bin;E:\Rubish\ORACL\Admin\db_home\bin;E:\Rubish\Oracle\Admin\db_home\bin;C:\Windows\system32;C:\Windows;C:\Windows\System32\Wbem;C:\Windows\System32\WindowsPowerShell\v1.0\;C:\Windows\System32\OpenSSH\;E:\php;C:\Program Files\Microsoft SQL Server\Client SDK\ODBC\170\Tools\Binn\;C:\Program Files\dotnet\;C:\Program Files (x86)\Microsoft SQL Server\150\Tools\Binn\;C:\Program Files\Microsoft SQL Server\150\Tools\Binn\;C:\Program Files\Microsoft SQL Server\150\DTS\Binn\;C:\Program Files (x86)\Microsoft SQL Server\150\DTS\Binn\;C:\Program Files\Azure Data Studio\bin;C:\Program Files\Microsoft SQL Server\120\Tools\Binn\;C:\Program Files\MongoDB\mongosh-1.10.5-win32-x64\bin;E:\;C:\Program Files\Docker\Docker\resources\bin;E:\Rubish\;C:\Program Files (x86)\Java\jdk1.8.0_202\bin\;C:\Users\andry\.console-ninja\.bin;E:\Rubish\Py\Scripts\;E:\Rubish\Py\;C:\Users\andry\scoop\shims;C:\Users\andry\AppData\Local\Microsoft\WindowsApps;C:\Users\andry\AppData\Local\GitHubDesktop\bin;C:\Users\andry\.dotnet\tools;C:\Program Files\Azure Data Studio\bin;C:\Users\andry\AppData\Roaming\npm;E:\Rubish\Microsoft VS Code\bin;C:\Program Files\graphviz-10.0.1\windows\bin;E:\Rubish\IntelliJ IDEA 2023.3.5\bin;;C:\Program Files (x86)\Java\jdk1.8.0_202\bin\;;."/>
    <property name="java.vm.info" value="mixed mode, sharing"/>
    <property name="stderr.encoding" value="Cp1251"/>
    <property name="java.vendor" value="Oracle Corporation"/>
    <property name="java.vm.version" value="21.0.2+13-LTS-58"/>
    <property name="sun.io.unicode.encoding" value="UnicodeLittle"/>
    <property name="java.class.version" value="65.0"/>
  </properties>
  <testcase name="shouldBePowException" classname="epam.lab7.ut.CalcTest" time="0.022"/>
  <testcase name="shouldBeSumException" classname="epam.lab7.ut.CalcTest" time="0.0"/>
  <testcase name="shouldBeMinusException" classname="epam.lab7.ut.CalcTest" time="0.0"/>
  <testcase name="shouldBeMultException" classname="epam.lab7.ut.CalcTest" time="0.001"/>
  <testcase name="shouldBeFoundDiv" classname="epam.lab7.ut.CalcTest" time="0.001"/>
  <testcase name="shouldBeFoundSum" classname="epam.lab7.ut.CalcTest" time="0.001"/>
  <testcase name="shouldBeDivException" classname="epam.lab7.ut.CalcTest" time="0.002"/>
  <testcase name="shouldBePow" classname="epam.lab7.ut.CalcTest" time="0.001"/>
  <testcase name="shouldBeFoundMult" classname="epam.lab7.ut.CalcTest" time="0.001"/>
  <testcase name="shouldBeFoundMinus" classname="epam.lab7.ut.CalcTest" time="0.001"/>
</testsuite>